2026-04-22 13:25:36,602 INFO ==================================================
2026-04-22 13:25:36,602 INFO Actualização diária a iniciar
2026-04-22 13:25:36,602 INFO ==================================================
2026-04-22 13:25:36,602 INFO Data: 2026-04-22
2026-04-22 13:25:36,606 INFO Posições abertas: 2
2026-04-22 13:25:37,097 INFO Actualizadas: 2
2026-04-22 13:25:37,097 INFO Stops atingidos: 0
2026-04-22 13:25:37,097 INFO Targets atingidos: 0
2026-04-22 13:25:37,098 INFO Estado actual das posições:
2026-04-22 13:25:37,098 INFO   HIMS | $29.76 | -4.0% | Dia 0/20
2026-04-22 13:25:37,098 INFO   IONQ | $46.28 | -0.0% | Dia 0/20
2026-04-22 13:25:37,103 INFO Actualização concluida.
2026-04-22 22:30:02,127 INFO ==================================================
2026-04-22 22:30:02,128 INFO Actualização diária a iniciar
2026-04-22 22:30:02,129 INFO ==================================================
2026-04-22 22:30:02,129 INFO Data: 2026-04-22
2026-04-22 22:30:02,154 INFO Posições abertas: 2
2026-04-22 22:30:02,739 INFO Actualizadas: 2
2026-04-22 22:30:02,739 INFO Stops atingidos: 0
2026-04-22 22:30:02,739 INFO Targets atingidos: 0
2026-04-22 22:30:02,739 INFO Estado actual das posições:
2026-04-22 22:30:02,739 INFO   HIMS | $29.01 | -6.4% | Dia 0/20
2026-04-22 22:30:02,739 INFO   IONQ | $47.36 | +2.3% | Dia 0/20
2026-04-22 22:30:02,744 INFO Actualização concluida.
2026-04-23 22:30:01,266 INFO ==================================================
2026-04-23 22:30:01,267 INFO Actualização diária a iniciar
2026-04-23 22:30:01,267 INFO ==================================================
2026-04-23 22:30:01,267 INFO Data: 2026-04-23
2026-04-23 22:30:01,270 INFO Posições abertas: 3
2026-04-23 22:30:02,219 INFO Posição fechada: HIMS | stop | P&L: -9.2%
2026-04-23 22:30:02,223 INFO Actualizadas: 2
2026-04-23 22:30:02,223 INFO Stops atingidos: 1
2026-04-23 22:30:02,223 INFO Targets atingidos: 0
2026-04-23 22:30:02,223 INFO Fechadas hoje:
2026-04-23 22:30:02,223 INFO   ❌ HIMS | stop | -9.19%
2026-04-23 22:30:02,223 INFO Estado actual das posições:
2026-04-23 22:30:02,223 INFO   NVTS | $18.51 | +0.2% | Dia 0/20
2026-04-23 22:30:02,223 INFO   IONQ | $43.63 | -5.7% | Dia 1/20
2026-04-23 22:30:02,228 INFO Actualização concluida.
2026-04-23 22:50:32,099 INFO =======================================================
2026-04-23 22:50:32,099 INFO Actualização diária a iniciar
2026-04-23 22:50:32,099 INFO =======================================================
2026-04-23 22:50:32,099 INFO Data: 2026-04-23
2026-04-23 22:50:32,103 INFO Posições abertas: 2
2026-04-23 22:50:32,611 INFO Actualizadas: 2
2026-04-23 22:50:32,611 INFO Stops: 0
2026-04-23 22:50:32,612 INFO Targets: 0
2026-04-23 22:50:32,616 INFO 
2026-04-23 22:50:32,616 INFO Fase 2: Análise de trades fechados...
2026-04-23 22:50:32,622 INFO 1 trades para analisar.
2026-04-23 22:50:38,845 INFO Lição guardada: HIMS | LOSS -9.2%
2026-04-23 22:50:38,845 INFO 1 novas lições adicionadas à knowledge base:
2026-04-23 22:50:38,845 INFO   ❌ Um earnings beat isolado não garante momentum sustentado se não houver elementos adicionais como gui
2026-04-23 22:50:38,845 INFO 
2026-04-23 22:50:38,845 INFO Fase 3: Actualizar estatísticas de aprendizagem...
2026-04-23 22:50:38,873 INFO Estatísticas actualizadas: 909 trades | Win rate global: 47.3%
2026-04-23 22:50:38,873 INFO Estatísticas actualizadas.
2026-04-23 22:50:38,873 INFO 
2026-04-23 22:50:38,873 INFO Actualização diária concluída.
